\BOOKMARK [0][-]{chapter*.1}{\376\377\000A\000b\000s\000t\000r\000a\000c\000t}{}% 1
\BOOKMARK [0][-]{chapter*.2}{\376\377\000L\000a\000y\000\040\000S\000u\000m\000m\000a\000r\000y}{}% 2
\BOOKMARK [0][-]{chapter*.3}{\376\377\000P\000r\000e\000f\000a\000c\000e}{}% 3
\BOOKMARK [0][-]{chapter*.4}{\376\377\000T\000a\000b\000l\000e\000\040\000o\000f\000\040\000C\000o\000n\000t\000e\000n\000t\000s}{}% 4
\BOOKMARK [0][-]{chapter*.5}{\376\377\000L\000i\000s\000t\000\040\000o\000f\000\040\000T\000a\000b\000l\000e\000s}{}% 5
\BOOKMARK [0][-]{chapter*.6}{\376\377\000L\000i\000s\000t\000\040\000o\000f\000\040\000F\000i\000g\000u\000r\000e\000s}{}% 6
\BOOKMARK [0][-]{chapter*.7}{\376\377\000G\000l\000o\000s\000s\000a\000r\000y}{}% 7
\BOOKMARK [0][-]{chapter*.8}{\376\377\000A\000c\000k\000n\000o\000w\000l\000e\000d\000g\000m\000e\000n\000t\000s}{}% 8
\BOOKMARK [0][-]{chapter.1}{\376\377\0001\000\040\000I\000n\000t\000r\000o\000d\000u\000c\000t\000i\000o\000n}{}% 9
\BOOKMARK [1][-]{section.1.1}{\376\377\0001\000.\0001\000\040\000S\000u\000g\000g\000e\000s\000t\000e\000d\000\040\000T\000h\000e\000s\000i\000s\000\040\000O\000r\000g\000a\000n\000i\000z\000a\000t\000i\000o\000n}{chapter.1}% 10
\BOOKMARK [1][-]{section.1.2}{\376\377\0001\000.\0002\000\040\000M\000a\000k\000i\000n\000g\000\040\000C\000r\000o\000s\000s\000-\000R\000e\000f\000e\000r\000e\000n\000c\000e\000s}{chapter.1}% 11
\BOOKMARK [1][-]{section.1.3}{\376\377\0001\000.\0003\000\040\000M\000a\000n\000a\000g\000i\000n\000g\000\040\000B\000i\000b\000l\000i\000o\000g\000r\000a\000p\000h\000i\000e\000s\000\040\000w\000i\000t\000h\000\040\000B\000i\000b\000T\000e\000X}{chapter.1}% 12
\BOOKMARK [2][-]{subsection.1.3.1}{\376\377\0001\000.\0003\000.\0001\000\040\000D\000e\000s\000c\000r\000i\000b\000i\000n\000g\000\040\000R\000e\000f\000e\000r\000e\000n\000c\000e\000s}{section.1.3}% 13
\BOOKMARK [2][-]{subsection.1.3.2}{\376\377\0001\000.\0003\000.\0002\000\040\000C\000i\000t\000i\000n\000g\000\040\000R\000e\000f\000e\000r\000e\000n\000c\000e\000s}{section.1.3}% 14
\BOOKMARK [2][-]{subsection.1.3.3}{\376\377\0001\000.\0003\000.\0003\000\040\000F\000o\000r\000m\000a\000t\000t\000i\000n\000g\000\040\000C\000i\000t\000e\000d\000\040\000R\000e\000f\000e\000r\000e\000n\000c\000e\000s}{section.1.3}% 15
\BOOKMARK [1][-]{section.1.4}{\376\377\0001\000.\0004\000\040\000T\000y\000p\000e\000s\000e\000t\000t\000i\000n\000g\000\040\000T\000a\000b\000l\000e\000s}{chapter.1}% 16
\BOOKMARK [1][-]{section.1.5}{\376\377\0001\000.\0005\000\040\000F\000i\000g\000u\000r\000e\000s\000,\000\040\000G\000r\000a\000p\000h\000i\000c\000s\000,\000\040\000a\000n\000d\000\040\000S\000p\000e\000c\000i\000a\000l\000\040\000C\000h\000a\000r\000a\000c\000t\000e\000r\000s}{chapter.1}% 17
\BOOKMARK [1][-]{section.1.6}{\376\377\0001\000.\0006\000\040\000S\000p\000e\000c\000i\000a\000l\000\040\000C\000h\000a\000r\000a\000c\000t\000e\000r\000s\000\040\000a\000n\000d\000\040\000S\000y\000m\000b\000o\000l\000s}{chapter.1}% 18
\BOOKMARK [1][-]{section.1.7}{\376\377\0001\000.\0007\000\040\000C\000h\000a\000n\000g\000i\000n\000g\000\040\000P\000a\000g\000e\000\040\000W\000i\000d\000t\000h\000s\000\040\000a\000n\000d\000\040\000H\000e\000i\000g\000h\000t\000s}{chapter.1}% 19
\BOOKMARK [2][-]{subsection.1.7.1}{\376\377\0001\000.\0007\000.\0001\000\040\000T\000h\000e\000\040\000g\000e\000o\000m\000e\000t\000r\000y\000\040\000P\000a\000c\000k\000a\000g\000e}{section.1.7}% 20
\BOOKMARK [2][-]{subsection.1.7.2}{\376\377\0001\000.\0007\000.\0002\000\040\000C\000h\000a\000n\000g\000i\000n\000g\000\040\000P\000a\000g\000e\000\040\000L\000a\000y\000o\000u\000t\000\040\000V\000a\000l\000u\000e\000s\000\040\000B\000y\000\040\000H\000a\000n\000d}{section.1.7}% 21
\BOOKMARK [2][-]{subsection.1.7.3}{\376\377\0001\000.\0007\000.\0003\000\040\000M\000a\000k\000i\000n\000g\000\040\000T\000e\000m\000p\000o\000r\000a\000r\000y\000\040\000C\000h\000a\000n\000g\000e\000s\000\040\000t\000o\000\040\000P\000a\000g\000e\000\040\000L\000a\000y\000o\000u\000t}{section.1.7}% 22
\BOOKMARK [1][-]{section.1.8}{\376\377\0001\000.\0008\000\040\000K\000e\000e\000p\000i\000n\000g\000\040\000T\000r\000a\000c\000k\000\040\000o\000f\000\040\000V\000e\000r\000s\000i\000o\000n\000s\000\040\000w\000i\000t\000h\000\040\000R\000e\000v\000i\000s\000i\000o\000n\000\040\000C\000o\000n\000t\000r\000o\000l}{chapter.1}% 23
\BOOKMARK [1][-]{section.1.9}{\376\377\0001\000.\0009\000\040\000R\000e\000c\000o\000m\000m\000e\000n\000d\000e\000d\000\040\000P\000a\000c\000k\000a\000g\000e\000s}{chapter.1}% 24
\BOOKMARK [2][-]{subsection.1.9.1}{\376\377\0001\000.\0009\000.\0001\000\040\000T\000y\000p\000e\000s\000e\000t\000t\000i\000n\000g}{section.1.9}% 25
\BOOKMARK [2][-]{subsection.1.9.2}{\376\377\0001\000.\0009\000.\0002\000\040\000F\000i\000g\000u\000r\000e\000s\000,\000\040\000T\000a\000b\000l\000e\000s\000,\000\040\000a\000n\000d\000\040\000D\000o\000c\000u\000m\000e\000n\000t\000\040\000E\000x\000t\000r\000a\000c\000t\000s}{section.1.9}% 26
\BOOKMARK [2][-]{subsection.1.9.3}{\376\377\0001\000.\0009\000.\0003\000\040\000B\000i\000b\000l\000i\000o\000g\000r\000a\000p\000h\000y\000\040\000R\000e\000l\000a\000t\000e\000d\000\040\000P\000a\000c\000k\000a\000g\000e\000s}{section.1.9}% 27
\BOOKMARK [1][-]{section.1.10}{\376\377\0001\000.\0001\0000\000\040\000M\000o\000v\000i\000n\000g\000\040\000O\000n}{chapter.1}% 28
\BOOKMARK [0][-]{appendix.A}{\376\377\000A\000\040\000S\000u\000p\000p\000o\000r\000t\000i\000n\000g\000\040\000M\000a\000t\000e\000r\000i\000a\000l\000s}{}% 29
